[handleMsg]:  {
  key: {
    remoteJid: '56988207243@s.whatsapp.net',
    fromMe: false,
    id: '21208AC06CAC3CDEA79A6DD233E68E8A',
    participant: undefined
  },
  messageTimestamp: 1684941197,
  pushName: 'Esteban',
  message: Message {
    conversation: 'Hola',
    messageContextInfo: MessageContextInfo {
      deviceListMetadata: [DeviceListMetadata],
      deviceListMetadataVersion: 2
    }
  },
  body: 'Hola',
  from: '56988207243'
}
[handleMsg]:  {
  key: {
    remoteJid: '56988207243@s.whatsapp.net',
    fromMe: false,
    id: 'FF6B9111AD6192F89B32358E668D5C99',
    participant: undefined
  },
  messageTimestamp: 1684941200,
  pushName: 'Esteban',
  message: Message {
    conversation: 'Menu',
    messageContextInfo: MessageContextInfo {
      deviceListMetadata: [DeviceListMetadata],
      deviceListMetadataVersion: 2
    }
  },
  body: 'Menu',
  from: '56988207243'
}
[handleMsg]:  {
  key: {
    remoteJid: '56988207243@s.whatsapp.net',
    fromMe: false,
    id: '519D24AF3E871D474118546307C38F01',
    participant: undefined
  },
  messageTimestamp: 1684941203,
  pushName: 'Esteban',
  message: Message {
    conversation: '1',
    messageContextInfo: MessageContextInfo {
      deviceListMetadata: [DeviceListMetadata],
      deviceListMetadataVersion: 2
    }
  },
  body: '1',
  from: '56988207243'
}
[handleMsg]:  {
  key: {
    remoteJid: '56994173326@s.whatsapp.net',
    fromMe: false,
    id: 'F55F47990DA5A298C7',
    participant: undefined
  },
  messageTimestamp: 1684941203,
  pushName: 'Cristian 🐾',
  message: Message {
    extendedTextMessage: ExtendedTextMessage { text: 'Hola', contextInfo: [ContextInfo] },
    messageContextInfo: MessageContextInfo {
      deviceListMetadata: [DeviceListMetadata],
      deviceListMetadataVersion: 2
    }
  },
  body: 'Hola',
  from: '56994173326'
}
[handleMsg]:  {
  key: {
    remoteJid: '56994173326@s.whatsapp.net',
    fromMe: false,
    id: '4CF82015BB6069D97C',
    participant: undefined
  },
  messageTimestamp: 1684941205,
  pushName: 'Cristian 🐾',
  message: Message {
    extendedTextMessage: ExtendedTextMessage { text: 'Menu', contextInfo: [ContextInfo] },
    messageContextInfo: MessageContextInfo {
      deviceListMetadata: [DeviceListMetadata],
      deviceListMetadataVersion: 2
    }
  },
  body: 'Menu',
  from: '56994173326'
}
[handleMsg]:  {
  key: {
    remoteJid: '56994173326@s.whatsapp.net',
    fromMe: false,
    id: '62FFA7BD442CC1A5A2',
    participant: undefined
  },
  messageTimestamp: 1684941207,
  pushName: 'Cristian 🐾',
  message: Message {
    extendedTextMessage: ExtendedTextMessage { text: '1', contextInfo: [ContextInfo] },
    messageContextInfo: MessageContextInfo {
      deviceListMetadata: [DeviceListMetadata],
      deviceListMetadataVersion: 2
    }
  },
  body: '1',
  from: '56994173326'
}
[handleMsg]:  {
  key: {
    remoteJid: '56988207243@s.whatsapp.net',
    fromMe: false,
    id: '2315BECF656D052DA7FD231AF97BD6B4',
    participant: undefined
  },
  messageTimestamp: 1684941211,
  pushName: 'Esteban',
  message: Message {
    conversation: 'Hola',
    messageContextInfo: MessageContextInfo {
      deviceListMetadata: [DeviceListMetadata],
      deviceListMetadataVersion: 2
    }
  },
  body: 'Hola',
  from: '56988207243'
}
[handleMsg]:  {
  key: {
    remoteJid: '56988207243@s.whatsapp.net',
    fromMe: false,
    id: '2672EB73A9C0D40D5CE9A7A26A98D6B3',
    participant: undefined
  },
  messageTimestamp: 1684941214,
  pushName: 'Esteban',
  message: Message {
    conversation: 'Menu',
    messageContextInfo: MessageContextInfo {
      deviceListMetadata: [DeviceListMetadata],
      deviceListMetadataVersion: 2
    }
  },
  body: 'Menu',
  from: '56988207243'
}
[handleMsg]:  {
  key: {
    remoteJid: '56994173326@s.whatsapp.net',
    fromMe: false,
    id: '1AE1B37C4C68AE4214',
    participant: undefined
  },
  messageTimestamp: 1684941215,
  pushName: 'Cristian 🐾',
  message: Message {
    extendedTextMessage: ExtendedTextMessage { text: 'Menu', contextInfo: [ContextInfo] },
    messageContextInfo: MessageContextInfo {
      deviceListMetadata: [DeviceListMetadata],
      deviceListMetadataVersion: 2
    }
  },
  body: 'Menu',
  from: '56994173326'
}
[handleMsg]:  {
  key: {
    remoteJid: '56988207243@s.whatsapp.net',
    fromMe: false,
    id: '0FA1E33F15070272BC7AD2169B8CCDB5',
    participant: undefined
  },
  messageTimestamp: 1684941217,
  pushName: 'Esteban',
  message: Message {
    conversation: '2',
    messageContextInfo: MessageContextInfo {
      deviceListMetadata: [DeviceListMetadata],
      deviceListMetadataVersion: 2
    }
  },
  body: '2',
  from: '56988207243'
}
[handleMsg]:  {
  key: {
    remoteJid: '56994173326@s.whatsapp.net',
    fromMe: false,
    id: '993C6F258C7F396B40',
    participant: undefined
  },
  messageTimestamp: 1684941217,
  pushName: 'Cristian 🐾',
  message: Message {
    extendedTextMessage: ExtendedTextMessage { text: '3', contextInfo: [ContextInfo] },
    messageContextInfo: MessageContextInfo {
      deviceListMetadata: [DeviceListMetadata],
      deviceListMetadataVersion: 2
    }
  },
  body: '3',
  from: '56994173326'
}
[handleMsg]:  {
  key: {
    remoteJid: '56988207243@s.whatsapp.net',
    fromMe: false,
    id: 'A2FDE2D56B6D79010C1CB5DFD6016A9F',
    participant: undefined
  },
  messageTimestamp: 1684941224,
  pushName: 'Esteban',
  message: Message {
    conversation: 'Menu',
    messageContextInfo: MessageContextInfo {
      deviceListMetadata: [DeviceListMetadata],
      deviceListMetadataVersion: 2
    }
  },
  body: 'Menu',
  from: '56988207243'
}
[handleMsg]:  {
  key: {
    remoteJid: '56994173326@s.whatsapp.net',
    fromMe: false,
    id: '73FFE4056EC3C1A2E5',
    participant: undefined
  },
  messageTimestamp: 1684941226,
  pushName: 'Cristian 🐾',
  message: Message {
    extendedTextMessage: ExtendedTextMessage { text: 'Menu', contextInfo: [ContextInfo] },
    messageContextInfo: MessageContextInfo {
      deviceListMetadata: [DeviceListMetadata],
      deviceListMetadataVersion: 2
    }
  },
  body: 'Menu',
  from: '56994173326'
}
[handleMsg]:  {
  key: {
    remoteJid: '56988207243@s.whatsapp.net',
    fromMe: false,
    id: '55464F332B94F885BD8841660CBE5E3D',
    participant: undefined
  },
  messageTimestamp: 1684941228,
  pushName: 'Esteban',
  message: Message {
    conversation: '4',
    messageContextInfo: MessageContextInfo {
      deviceListMetadata: [DeviceListMetadata],
      deviceListMetadataVersion: 2
    }
  },
  body: '4',
  from: '56988207243'
}
[handleMsg]:  {
  key: {
    remoteJid: '56994173326@s.whatsapp.net',
    fromMe: false,
    id: 'ECEAFC035FEFDB601E',
    participant: undefined
  },
  messageTimestamp: 1684941228,
  pushName: 'Cristian 🐾',
  message: Message {
    extendedTextMessage: ExtendedTextMessage { text: '5', contextInfo: [ContextInfo] },
    messageContextInfo: MessageContextInfo {
      deviceListMetadata: [DeviceListMetadata],
      deviceListMetadataVersion: 2
    }
  },
  body: '5',
  from: '56994173326'
}
